<?xml version="1.0" encoding="UTF-8"?>
<testsuite xmlns:xsi="http://www.w3.org/2001/XMLSchema-instance" xsi:noNamespaceSchemaLocation="https://maven.apache.org/surefire/maven-surefire-plugin/xsd/surefire-test-report.xsd" name="org.thgy.AppTest" time="0.002" tests="1" errors="0" skipped="0" failures="0">
  <properties>
    <property name="sun.desktop" value="windows"/>
    <property name="awt.toolkit" value="sun.awt.windows.WToolkit"/>
    <property name="file.encoding.pkg" value="sun.io"/>
    <property name="java.specification.version" value="1.8"/>
    <property name="sun.cpu.isalist" value="amd64"/>
    <property name="sun.jnu.encoding" value="GBK"/>
    <property name="java.class.path" value="D:\tiejian\crchi_file_manager\target\test-classes;D:\tiejian\crchi_file_manager\target\classes;D:\reception\org\springframework\boot\spring-boot-starter\2.6.3\spring-boot-starter-2.6.3.jar;D:\reception\org\springframework\boot\spring-boot\2.6.3\spring-boot-2.6.3.jar;D:\reception\org\springframework\spring-context\5.3.15\spring-context-5.3.15.jar;D:\reception\org\springframework\boot\spring-boot-starter-logging\2.6.3\spring-boot-starter-logging-2.6.3.jar;D:\reception\ch\qos\logback\logback-classic\1.2.10\logback-classic-1.2.10.jar;D:\reception\ch\qos\logback\logback-core\1.2.10\logback-core-1.2.10.jar;D:\reception\org\apache\logging\log4j\log4j-to-slf4j\2.17.1\log4j-to-slf4j-2.17.1.jar;D:\reception\org\apache\logging\log4j\log4j-api\2.17.1\log4j-api-2.17.1.jar;D:\reception\org\slf4j\jul-to-slf4j\1.7.33\jul-to-slf4j-1.7.33.jar;D:\reception\jakarta\annotation\jakarta.annotation-api\1.3.5\jakarta.annotation-api-1.3.5.jar;D:\reception\org\springframework\spring-core\5.3.15\spring-core-5.3.15.jar;D:\reception\org\springframework\spring-jcl\5.3.15\spring-jcl-5.3.15.jar;D:\reception\org\yaml\snakeyaml\1.29\snakeyaml-1.29.jar;D:\reception\org\springframework\boot\spring-boot-starter-test\2.3.12.RELEASE\spring-boot-starter-test-2.3.12.RELEASE.jar;D:\reception\org\springframework\boot\spring-boot-test\2.6.3\spring-boot-test-2.6.3.jar;D:\reception\org\springframework\boot\spring-boot-test-autoconfigure\2.6.3\spring-boot-test-autoconfigure-2.6.3.jar;D:\reception\com\jayway\jsonpath\json-path\2.6.0\json-path-2.6.0.jar;D:\reception\net\minidev\json-smart\2.4.7\json-smart-2.4.7.jar;D:\reception\net\minidev\accessors-smart\2.4.7\accessors-smart-2.4.7.jar;D:\reception\org\ow2\asm\asm\9.1\asm-9.1.jar;D:\reception\jakarta\xml\bind\jakarta.xml.bind-api\2.3.3\jakarta.xml.bind-api-2.3.3.jar;D:\reception\jakarta\activation\jakarta.activation-api\1.2.2\jakarta.activation-api-1.2.2.jar;D:\reception\org\assertj\assertj-core\3.21.0\assertj-core-3.21.0.jar;D:\reception\org\hamcrest\hamcrest\2.2\hamcrest-2.2.jar;D:\reception\org\junit\jupiter\junit-jupiter\5.8.2\junit-jupiter-5.8.2.jar;D:\reception\org\junit\jupiter\junit-jupiter-api\5.8.2\junit-jupiter-api-5.8.2.jar;D:\reception\org\opentest4j\opentest4j\1.2.0\opentest4j-1.2.0.jar;D:\reception\org\junit\platform\junit-platform-commons\1.8.2\junit-platform-commons-1.8.2.jar;D:\reception\org\junit\jupiter\junit-jupiter-params\5.8.2\junit-jupiter-params-5.8.2.jar;D:\reception\org\junit\jupiter\junit-jupiter-engine\5.8.2\junit-jupiter-engine-5.8.2.jar;D:\reception\org\junit\vintage\junit-vintage-engine\5.8.2\junit-vintage-engine-5.8.2.jar;D:\reception\org\junit\platform\junit-platform-engine\1.8.2\junit-platform-engine-1.8.2.jar;D:\reception\org\apiguardian\apiguardian-api\1.1.2\apiguardian-api-1.1.2.jar;D:\reception\org\mockito\mockito-core\4.0.0\mockito-core-4.0.0.jar;D:\reception\net\bytebuddy\byte-buddy\1.11.22\byte-buddy-1.11.22.jar;D:\reception\net\bytebuddy\byte-buddy-agent\1.11.22\byte-buddy-agent-1.11.22.jar;D:\reception\org\objenesis\objenesis\3.2\objenesis-3.2.jar;D:\reception\org\mockito\mockito-junit-jupiter\4.0.0\mockito-junit-jupiter-4.0.0.jar;D:\reception\org\skyscreamer\jsonassert\1.5.0\jsonassert-1.5.0.jar;D:\reception\com\vaadin\external\google\android-json\0.0.20131108.vaadin1\android-json-0.0.20131108.vaadin1.jar;D:\reception\org\springframework\spring-test\5.3.15\spring-test-5.3.15.jar;D:\reception\org\xmlunit\xmlunit-core\2.8.4\xmlunit-core-2.8.4.jar;D:\reception\org\springframework\boot\spring-boot-autoconfigure\2.6.3\spring-boot-autoconfigure-2.6.3.jar;D:\reception\junit\junit\4.12\junit-4.12.jar;D:\reception\org\hamcrest\hamcrest-core\2.2\hamcrest-core-2.2.jar;D:\reception\com\fasterxml\uuid\java-uuid-generator\4.0\java-uuid-generator-4.0.jar;D:\reception\org\slf4j\slf4j-api\1.7.33\slf4j-api-1.7.33.jar;D:\reception\commons-io\commons-io\2.4\commons-io-2.4.jar;D:\reception\commons-fileupload\commons-fileupload\1.3.1\commons-fileupload-1.3.1.jar;D:\reception\org\projectlombok\lombok\1.16.20\lombok-1.16.20.jar;D:\reception\org\springframework\boot\spring-boot-starter-web\2.7.1\spring-boot-starter-web-2.7.1.jar;D:\reception\org\springframework\boot\spring-boot-starter-json\2.6.3\spring-boot-starter-json-2.6.3.jar;D:\reception\com\fasterxml\jackson\core\jackson-databind\2.13.1\jackson-databind-2.13.1.jar;D:\reception\com\fasterxml\jackson\core\jackson-annotations\2.13.1\jackson-annotations-2.13.1.jar;D:\reception\com\fasterxml\jackson\core\jackson-core\2.13.1\jackson-core-2.13.1.jar;D:\reception\com\fasterxml\jackson\datatype\jackson-datatype-jdk8\2.13.1\jackson-datatype-jdk8-2.13.1.jar;D:\reception\com\fasterxml\jackson\datatype\jackson-datatype-jsr310\2.13.1\jackson-datatype-jsr310-2.13.1.jar;D:\reception\com\fasterxml\jackson\module\jackson-module-parameter-names\2.13.1\jackson-module-parameter-names-2.13.1.jar;D:\reception\org\springframework\boot\spring-boot-starter-tomcat\2.6.3\spring-boot-starter-tomcat-2.6.3.jar;D:\reception\org\apache\tomcat\embed\tomcat-embed-core\9.0.56\tomcat-embed-core-9.0.56.jar;D:\reception\org\apache\tomcat\embed\tomcat-embed-el\9.0.56\tomcat-embed-el-9.0.56.jar;D:\reception\org\apache\tomcat\embed\tomcat-embed-websocket\9.0.56\tomcat-embed-websocket-9.0.56.jar;D:\reception\org\springframework\spring-web\5.3.15\spring-web-5.3.15.jar;D:\reception\org\springframework\spring-beans\5.3.15\spring-beans-5.3.15.jar;D:\reception\org\springframework\spring-webmvc\5.3.15\spring-webmvc-5.3.15.jar;D:\reception\org\springframework\spring-aop\5.3.15\spring-aop-5.3.15.jar;D:\reception\org\springframework\spring-expression\5.3.15\spring-expression-5.3.15.jar;"/>
    <property name="java.vm.vendor" value="Amazon.com Inc."/>
    <property name="sun.arch.data.model" value="64"/>
    <property name="user.variant" value=""/>
    <property name="java.vendor.url" value="https://aws.amazon.com/corretto/"/>
    <property name="user.timezone" value="Asia/Shanghai"/>
    <property name="java.vm.specification.version" value="1.8"/>
    <property name="os.name" value="Windows 10"/>
    <property name="user.country" value="CN"/>
    <property name="sun.java.launcher" value="SUN_STANDARD"/>
    <property name="sun.boot.library.path" value="C:\Users\thgy\.jdks\corretto-1.8.0_312\jre\bin"/>
    <property name="sun.java.command" value="C:\Users\thgy\AppData\Local\Temp\surefire335873903624278566\surefirebooter2184367713987582805.jar C:\Users\thgy\AppData\Local\Temp\surefire335873903624278566 2022-07-13T15-36-17_639-jvmRun1 surefire351361550188620235tmp surefire_02077651615711726320tmp"/>
    <property name="surefire.test.class.path" value="D:\tiejian\crchi_file_manager\target\test-classes;D:\tiejian\crchi_file_manager\target\classes;D:\reception\org\springframework\boot\spring-boot-starter\2.6.3\spring-boot-starter-2.6.3.jar;D:\reception\org\springframework\boot\spring-boot\2.6.3\spring-boot-2.6.3.jar;D:\reception\org\springframework\spring-context\5.3.15\spring-context-5.3.15.jar;D:\reception\org\springframework\boot\spring-boot-starter-logging\2.6.3\spring-boot-starter-logging-2.6.3.jar;D:\reception\ch\qos\logback\logback-classic\1.2.10\logback-classic-1.2.10.jar;D:\reception\ch\qos\logback\logback-core\1.2.10\logback-core-1.2.10.jar;D:\reception\org\apache\logging\log4j\log4j-to-slf4j\2.17.1\log4j-to-slf4j-2.17.1.jar;D:\reception\org\apache\logging\log4j\log4j-api\2.17.1\log4j-api-2.17.1.jar;D:\reception\org\slf4j\jul-to-slf4j\1.7.33\jul-to-slf4j-1.7.33.jar;D:\reception\jakarta\annotation\jakarta.annotation-api\1.3.5\jakarta.annotation-api-1.3.5.jar;D:\reception\org\springframework\spring-core\5.3.15\spring-core-5.3.15.jar;D:\reception\org\springframework\spring-jcl\5.3.15\spring-jcl-5.3.15.jar;D:\reception\org\yaml\snakeyaml\1.29\snakeyaml-1.29.jar;D:\reception\org\springframework\boot\spring-boot-starter-test\2.3.12.RELEASE\spring-boot-starter-test-2.3.12.RELEASE.jar;D:\reception\org\springframework\boot\spring-boot-test\2.6.3\spring-boot-test-2.6.3.jar;D:\reception\org\springframework\boot\spring-boot-test-autoconfigure\2.6.3\spring-boot-test-autoconfigure-2.6.3.jar;D:\reception\com\jayway\jsonpath\json-path\2.6.0\json-path-2.6.0.jar;D:\reception\net\minidev\json-smart\2.4.7\json-smart-2.4.7.jar;D:\reception\net\minidev\accessors-smart\2.4.7\accessors-smart-2.4.7.jar;D:\reception\org\ow2\asm\asm\9.1\asm-9.1.jar;D:\reception\jakarta\xml\bind\jakarta.xml.bind-api\2.3.3\jakarta.xml.bind-api-2.3.3.jar;D:\reception\jakarta\activation\jakarta.activation-api\1.2.2\jakarta.activation-api-1.2.2.jar;D:\reception\org\assertj\assertj-core\3.21.0\assertj-core-3.21.0.jar;D:\reception\org\hamcrest\hamcrest\2.2\hamcrest-2.2.jar;D:\reception\org\junit\jupiter\junit-jupiter\5.8.2\junit-jupiter-5.8.2.jar;D:\reception\org\junit\jupiter\junit-jupiter-api\5.8.2\junit-jupiter-api-5.8.2.jar;D:\reception\org\opentest4j\opentest4j\1.2.0\opentest4j-1.2.0.jar;D:\reception\org\junit\platform\junit-platform-commons\1.8.2\junit-platform-commons-1.8.2.jar;D:\reception\org\junit\jupiter\junit-jupiter-params\5.8.2\junit-jupiter-params-5.8.2.jar;D:\reception\org\junit\jupiter\junit-jupiter-engine\5.8.2\junit-jupiter-engine-5.8.2.jar;D:\reception\org\junit\vintage\junit-vintage-engine\5.8.2\junit-vintage-engine-5.8.2.jar;D:\reception\org\junit\platform\junit-platform-engine\1.8.2\junit-platform-engine-1.8.2.jar;D:\reception\org\apiguardian\apiguardian-api\1.1.2\apiguardian-api-1.1.2.jar;D:\reception\org\mockito\mockito-core\4.0.0\mockito-core-4.0.0.jar;D:\reception\net\bytebuddy\byte-buddy\1.11.22\byte-buddy-1.11.22.jar;D:\reception\net\bytebuddy\byte-buddy-agent\1.11.22\byte-buddy-agent-1.11.22.jar;D:\reception\org\objenesis\objenesis\3.2\objenesis-3.2.jar;D:\reception\org\mockito\mockito-junit-jupiter\4.0.0\mockito-junit-jupiter-4.0.0.jar;D:\reception\org\skyscreamer\jsonassert\1.5.0\jsonassert-1.5.0.jar;D:\reception\com\vaadin\external\google\android-json\0.0.20131108.vaadin1\android-json-0.0.20131108.vaadin1.jar;D:\reception\org\springframework\spring-test\5.3.15\spring-test-5.3.15.jar;D:\reception\org\xmlunit\xmlunit-core\2.8.4\xmlunit-core-2.8.4.jar;D:\reception\org\springframework\boot\spring-boot-autoconfigure\2.6.3\spring-boot-autoconfigure-2.6.3.jar;D:\reception\junit\junit\4.12\junit-4.12.jar;D:\reception\org\hamcrest\hamcrest-core\2.2\hamcrest-core-2.2.jar;D:\reception\com\fasterxml\uuid\java-uuid-generator\4.0\java-uuid-generator-4.0.jar;D:\reception\org\slf4j\slf4j-api\1.7.33\slf4j-api-1.7.33.jar;D:\reception\commons-io\commons-io\2.4\commons-io-2.4.jar;D:\reception\commons-fileupload\commons-fileupload\1.3.1\commons-fileupload-1.3.1.jar;D:\reception\org\projectlombok\lombok\1.16.20\lombok-1.16.20.jar;D:\reception\org\springframework\boot\spring-boot-starter-web\2.7.1\spring-boot-starter-web-2.7.1.jar;D:\reception\org\springframework\boot\spring-boot-starter-json\2.6.3\spring-boot-starter-json-2.6.3.jar;D:\reception\com\fasterxml\jackson\core\jackson-databind\2.13.1\jackson-databind-2.13.1.jar;D:\reception\com\fasterxml\jackson\core\jackson-annotations\2.13.1\jackson-annotations-2.13.1.jar;D:\reception\com\fasterxml\jackson\core\jackson-core\2.13.1\jackson-core-2.13.1.jar;D:\reception\com\fasterxml\jackson\datatype\jackson-datatype-jdk8\2.13.1\jackson-datatype-jdk8-2.13.1.jar;D:\reception\com\fasterxml\jackson\datatype\jackson-datatype-jsr310\2.13.1\jackson-datatype-jsr310-2.13.1.jar;D:\reception\com\fasterxml\jackson\module\jackson-module-parameter-names\2.13.1\jackson-module-parameter-names-2.13.1.jar;D:\reception\org\springframework\boot\spring-boot-starter-tomcat\2.6.3\spring-boot-starter-tomcat-2.6.3.jar;D:\reception\org\apache\tomcat\embed\tomcat-embed-core\9.0.56\tomcat-embed-core-9.0.56.jar;D:\reception\org\apache\tomcat\embed\tomcat-embed-el\9.0.56\tomcat-embed-el-9.0.56.jar;D:\reception\org\apache\tomcat\embed\tomcat-embed-websocket\9.0.56\tomcat-embed-websocket-9.0.56.jar;D:\reception\org\springframework\spring-web\5.3.15\spring-web-5.3.15.jar;D:\reception\org\springframework\spring-beans\5.3.15\spring-beans-5.3.15.jar;D:\reception\org\springframework\spring-webmvc\5.3.15\spring-webmvc-5.3.15.jar;D:\reception\org\springframework\spring-aop\5.3.15\spring-aop-5.3.15.jar;D:\reception\org\springframework\spring-expression\5.3.15\spring-expression-5.3.15.jar;"/>
    <property name="sun.cpu.endian" value="little"/>
    <property name="user.home" value="C:\Users\thgy"/>
    <property name="user.language" value="zh"/>
    <property name="java.specification.vendor" value="Oracle Corporation"/>
    <property name="java.home" value="C:\Users\thgy\.jdks\corretto-1.8.0_312\jre"/>
    <property name="basedir" value="D:\tiejian\crchi_file_manager"/>
    <property name="file.separator" value="\"/>
    <property name="line.separator" value="&#10;"/>
    <property name="java.vm.specification.vendor" value="Oracle Corporation"/>
    <property name="java.specification.name" value="Java Platform API Specification"/>
    <property name="java.awt.graphicsenv" value="sun.awt.Win32GraphicsEnvironment"/>
    <property name="surefire.real.class.path" value="C:\Users\thgy\AppData\Local\Temp\surefire335873903624278566\surefirebooter2184367713987582805.jar"/>
    <property name="sun.boot.class.path" value="C:\Users\thgy\.jdks\corretto-1.8.0_312\jre\lib\resources.jar;C:\Users\thgy\.jdks\corretto-1.8.0_312\jre\lib\rt.jar;C:\Users\thgy\.jdks\corretto-1.8.0_312\jre\lib\sunrsasign.jar;C:\Users\thgy\.jdks\corretto-1.8.0_312\jre\lib\jsse.jar;C:\Users\thgy\.jdks\corretto-1.8.0_312\jre\lib\jce.jar;C:\Users\thgy\.jdks\corretto-1.8.0_312\jre\lib\charsets.jar;C:\Users\thgy\.jdks\corretto-1.8.0_312\jre\lib\jfr.jar;C:\Users\thgy\.jdks\corretto-1.8.0_312\jre\classes"/>
    <property name="user.script" value=""/>
    <property name="sun.management.compiler" value="HotSpot 64-Bit Tiered Compilers"/>
    <property name="java.runtime.version" value="1.8.0_312-b07"/>
    <property name="user.name" value="thgy"/>
    <property name="path.separator" value=";"/>
    <property name="os.version" value="10.0"/>
    <property name="java.endorsed.dirs" value="C:\Users\thgy\.jdks\corretto-1.8.0_312\jre\lib\endorsed"/>
    <property name="java.runtime.name" value="OpenJDK Runtime Environment"/>
    <property name="file.encoding" value="GBK"/>
    <property name="java.vm.name" value="OpenJDK 64-Bit Server VM"/>
    <property name="localRepository" value="D:\reception"/>
    <property name="java.vendor.url.bug" value="https://github.com/corretto/corretto-8/issues/"/>
    <property name="java.io.tmpdir" value="C:\Users\thgy\AppData\Local\Temp\"/>
    <property name="idea.version" value="2021.2.2"/>
    <property name="java.version" value="1.8.0_312"/>
    <property name="user.dir" value="D:\tiejian\crchi_file_manager"/>
    <property name="os.arch" value="amd64"/>
    <property name="java.vm.specification.name" value="Java Virtual Machine Specification"/>
    <property name="java.awt.printerjob" value="sun.awt.windows.WPrinterJob"/>
    <property name="sun.os.patch.level" value=""/>
    <property name="java.library.path" value="C:\Users\thgy\.jdks\corretto-1.8.0_312\jre\bin;C:\WINDOWS\Sun\Java\bin;C:\WINDOWS\system32;C:\WINDOWS;D:\app\thgy\product\12.1.0\dbhome_1\bin;D:\oracle\product\12.1.0\dbhome_3\bin;E:\app\huazai\product\12.1.0\dbhome_1\bin;D:\oracle\product\12.1.0\dbhome_2\bin;D:\oracle\product\12.1.0\dbhome_1\bin;C:\Users\thgy\AppData\Local\VanDyke Software\Clients\;D:\Vm WorkStation\bin\;C:\WINDOWS\system32;C:\WINDOWS;C:\WINDOWS\System32\Wbem;C:\WINDOWS\System32\WindowsPowerShell\v1.0\;C:\WINDOWS\System32\OpenSSH\;D:\node-v12.18.0-win-x64;D:\Git\cmd;D:\apache-maven-3.8.3\bin\;C:\Program Files\RedHat\java-1.8.0-openjdk-1.8.0.302-1\\bin;C:\Program Files\RedHat\java-1.8.0-openjdk-1.8.0.302-1\\jre\bin;D:\Graphviz\bin\dot.exe;D:\Redis-x64-5.0.14;C:\Program Files\Go\bin;C:\Program Files\Docker\Docker\resources\bin;C:\ProgramData\DockerDesktop\version-bin;D:\新建文件夹\bin;C:\Program Files\RedHat\java-1.8.0-openjdk-1.8.0.302-1\missioncontrol\;C:\Program Files\RedHat\java-1.8.0-openjdk-1.8.0.302-1\bin;C:\Program Files\RedHat\java-1.8.0-openjdk-1.8.0.302-1\jre\bin;D:\zookeeper\apache-zookeeper-3.7.0-bin\bin;;D:\WeChatTools\微信web开发者工具\dll;C:\Program Files\MySQL\MySQL Shell 8.0\bin\;D:\anaconda3;D:\anaconda3\Library\mingw-w64\bin;D:\anaconda3\Library\usr\bin;D:\anaconda3\Library\bin;D:\anaconda3\Scripts;C:\Users\thgy\AppData\Local\Programs\Python\Python310-32\Scripts\;C:\Users\thgy\AppData\Local\Programs\Python\Python310-32\;C:\Users\thgy\AppData\Local\Microsoft\WindowsApps;D:\node-v12.18.0-win-x64;D:\Microsoft VS Code\bin;D:\Graphviz\bin;C:\Users\thgy\AppData\Local\GitHubDesktop\bin;D:\mysql-8.0.25-winx64\bin;C:\Users\thgy\go\bin;D:\gradle-7.3\bin;;."/>
    <property name="java.vm.info" value="mixed mode"/>
    <property name="java.vendor" value="Amazon.com Inc."/>
    <property name="java.vm.version" value="25.312-b07"/>
    <property name="java.ext.dirs" value="C:\Users\thgy\.jdks\corretto-1.8.0_312\jre\lib\ext;C:\WINDOWS\Sun\Java\lib\ext"/>
    <property name="sun.io.unicode.encoding" value="UnicodeLittle"/>
    <property name="maven.repo.local" value="D:\reception"/>
    <property name="java.class.version" value="52.0"/>
  </properties>
  <testcase name="shouldAnswerWithTrue" classname="org.thgy.AppTest" time="0.001"/>
</testsuite>